#
# There is insufficient memory for the Java Runtime Environment to continue.
# Native memory allocation (mmap) failed to map 100663296 bytes for G1 virtual space
# Possible reasons:
#   The system is out of physical RAM or swap space
#   The process is running with CompressedOops enabled, and the Java Heap may be blocking the growth of the native heap
# Possible solutions:
#   Reduce memory load on the system
#   Increase physical memory or swap space
#   Check if swap backing store is full
#   Decrease Java heap size (-Xmx/-Xms)
#   Decrease number of Java threads
#   Decrease Java thread stack sizes (-Xss)
#   Set larger code cache with -XX:ReservedCodeCacheSize=
#   JVM is running with Unscaled Compressed Oops mode in which the Java heap is
#     placed in the first 4GB address space. The Java Heap base address is the
#     maximum limit for the native heap growth. Please use -XX:HeapBaseMinAddress
#     to set the Java Heap base and to place the Java Heap above 4GB virtual address.
# This output file may be truncated or incomplete.
#
#  Out of Memory Error (os_windows.cpp:3548), pid=1152, tid=25040
#
# JRE version:  (17.0.11+7) (build )
# Java VM: Java HotSpot(TM) 64-Bit Server VM (17.0.11+7-LTS-207, mixed mode, sharing, tiered, compressed oops, compressed class ptrs, g1 gc, windows-amd64)
# No core dump will be written. Minidumps are not enabled by default on client versions of Windows
#

---------------  S U M M A R Y ------------

Command Line: C:\Users\56930\AppData\Local\Temp\surefire12807884825219909714\surefirebooter-20250208020404833_3.jar C:\Users\56930\AppData\Local\Temp\surefire12807884825219909714 2025-02-08T02-04-04_488-jvmRun1 surefire-20250208020404833_1tmp surefire_0-20250208020404833_2tmp

Host: AMD Ryzen 5 3500U with Radeon Vega Mobile Gfx  , 8 cores, 5G,  Windows 11 , 64 bit Build 22621 (10.0.22621.4391)
Time: Sat Feb  8 02:04:05 2025 Hora verano Sudamérica Pacífico elapsed time: 0.166190 seconds (0d 0h 0m 0s)

---------------  T H R E A D  ---------------

Current thread (0x0000021b731009c0):  JavaThread "Unknown thread" [_thread_in_vm, id=25040, stack(0x0000009ecac00000,0x0000009ecad00000)]

Stack: [0x0000009ecac00000,0x0000009ecad00000]
Native frames: (J=compiled Java code, j=interpreted, Vv=VM code, C=native code)
V  [jvm.dll+0x679cca]
V  [jvm.dll+0x7da13d]
V  [jvm.dll+0x7dba83]
V  [jvm.dll+0x7dc0f3]
V  [jvm.dll+0x2449af]
V  [jvm.dll+0x676ce9]
V  [jvm.dll+0x66b852]
V  [jvm.dll+0x3018d6]
V  [jvm.dll+0x308e76]
V  [jvm.dll+0x3596ee]
V  [jvm.dll+0x35991f]
V  [jvm.dll+0x2d89a8]
V  [jvm.dll+0x2d9914]
V  [jvm.dll+0x7ac6b1]
V  [jvm.dll+0x366f61]
V  [jvm.dll+0x78b609]
V  [jvm.dll+0x3ec22f]
V  [jvm.dll+0x3ede61]
C  [jli.dll+0x5297]
C  [ucrtbase.dll+0x29333]
C  [KERNEL32.DLL+0x1259d]
C  [ntdll.dll+0x5af38]


---------------  P R O C E S S  ---------------

Threads class SMR info:
_java_thread_list=0x00007fff0ea17a18, length=0, elements={
}

Java Threads: ( => current thread )

Other Threads:
  0x0000021b7314eec0 GCTaskThread "GC Thread#0" [stack: 0x0000009ecad00000,0x0000009ecae00000] [id=4900]
  0x0000021b7315ba90 ConcurrentGCThread "G1 Main Marker" [stack: 0x0000009ecae00000,0x0000009ecaf00000] [id=35632]
  0x0000021b7315c3a0 ConcurrentGCThread "G1 Conc#0" [stack: 0x0000009ecaf00000,0x0000009ecb000000] [id=25288]

[error occurred during error reporting (printing all threads), id 0xc0000005, EXCEPTION_ACCESS_VIOLATION (0xc0000005) at pc=0x00007fff0e249497]

VM state: not at safepoint (not fully initialized)

VM Mutex/Monitor currently owned by a thread:  ([mutex/lock_event])
[0x0000021b730fca70] Heap_lock - owner thread: 0x0000021b731009c0

Heap address: 0x00000000a1400000, size: 1516 MB, Compressed Oops mode: 32-bit

CDS archive(s) mapped at: [0x0000000000000000-0x0000000000000000-0x0000000000000000), size 0, SharedBaseAddress: 0x0000000800000000, ArchiveRelocationMode: 1.
Narrow klass base: 0x0000000000000000, Narrow klass shift: 0, Narrow klass range: 0x0

GC Precious Log:
<Empty>

Heap:
 garbage-first heap   total 0K, used 0K [0x00000000a1400000, 0x0000000100000000)
  region size 1024K, 0 young (0K), 0 survivors (0K)

[error occurred during error reporting (printing heap information), id 0xc0000005, EXCEPTION_ACCESS_VIOLATION (0xc0000005) at pc=0x00007fff0e633559]

GC Heap History (0 events):
No events

Deoptimization events (0 events):
No events

Classes unloaded (0 events):
No events

Classes redefined (0 events):
No events

Internal exceptions (0 events):
No events

VM Operations (0 events):
No events

Events (1 events):
Event: 0.013 Loaded shared library C:\Program Files\Java\jdk-17\bin\java.dll


Dynamic libraries:
0x00007ff60a670000 - 0x00007ff60a680000 	C:\Program Files\Java\jdk-17\bin\java.exe
0x00007fff683d0000 - 0x00007fff685e7000 	C:\WINDOWS\SYSTEM32\ntdll.dll
0x00007fff67790000 - 0x00007fff67854000 	C:\WINDOWS\System32\KERNEL32.DLL
0x00007fff656c0000 - 0x00007fff65a7a000 	C:\WINDOWS\System32\KERNELBASE.dll
0x00007fff65c90000 - 0x00007fff65da1000 	C:\WINDOWS\System32\ucrtbase.dll
0x00007fff61f00000 - 0x00007fff61f19000 	C:\Program Files\Java\jdk-17\bin\jli.dll
0x00007fff62500000 - 0x00007fff6251b000 	C:\Program Files\Java\jdk-17\bin\VCRUNTIME140.dll
0x00007fff678f0000 - 0x00007fff679a2000 	C:\WINDOWS\System32\ADVAPI32.dll
0x00007fff67a70000 - 0x00007fff67b17000 	C:\WINDOWS\System32\msvcrt.dll
0x00007fff679b0000 - 0x00007fff67a57000 	C:\WINDOWS\System32\sechost.dll
0x00007fff65690000 - 0x00007fff656b8000 	C:\WINDOWS\System32\bcrypt.dll
0x00007fff66590000 - 0x00007fff666a4000 	C:\WINDOWS\System32\RPCRT4.dll
0x00007fff663c0000 - 0x00007fff6656e000 	C:\WINDOWS\System32\USER32.dll
0x00007fff65b40000 - 0x00007fff65b66000 	C:\WINDOWS\System32\win32u.dll
0x00007fff4d970000 - 0x00007fff4dc02000 	C:\WINDOWS\WinSxS\amd64_microsoft.windows.common-controls_6595b64144ccf1df_6.0.22621.4541_none_2710d1c57384c085\COMCTL32.dll
0x00007fff67870000 - 0x00007fff67899000 	C:\WINDOWS\System32\GDI32.dll
0x00007fff65b70000 - 0x00007fff65c8b000 	C:\WINDOWS\System32\gdi32full.dll
0x00007fff65db0000 - 0x00007fff65e4a000 	C:\WINDOWS\System32\msvcp_win.dll
0x00007fff5db20000 - 0x00007fff5db2a000 	C:\WINDOWS\SYSTEM32\VERSION.dll
0x00007fff66ed0000 - 0x00007fff66f01000 	C:\WINDOWS\System32\IMM32.DLL
0x00007fff61c10000 - 0x00007fff61c1c000 	C:\Program Files\Java\jdk-17\bin\vcruntime140_1.dll
0x00007fff2c5a0000 - 0x00007fff2c62e000 	C:\Program Files\Java\jdk-17\bin\msvcp140.dll
0x00007fff0df60000 - 0x00007fff0eb40000 	C:\Program Files\Java\jdk-17\bin\server\jvm.dll
0x00007fff662b0000 - 0x00007fff662b8000 	C:\WINDOWS\System32\PSAPI.DLL
0x00007fff5c7f0000 - 0x00007fff5c824000 	C:\WINDOWS\SYSTEM32\WINMM.dll
0x00007fff60fb0000 - 0x00007fff60fb9000 	C:\WINDOWS\SYSTEM32\WSOCK32.dll
0x00007fff67bb0000 - 0x00007fff67c21000 	C:\WINDOWS\System32\WS2_32.dll
0x00007fff646a0000 - 0x00007fff646b8000 	C:\WINDOWS\SYSTEM32\kernel.appcore.dll
0x00007fff61bd0000 - 0x00007fff61bda000 	C:\Program Files\Java\jdk-17\bin\jimage.dll
0x00007fff48390000 - 0x00007fff485c2000 	C:\WINDOWS\SYSTEM32\DBGHELP.DLL
0x00007fff66950000 - 0x00007fff66ce1000 	C:\WINDOWS\System32\combase.dll
0x00007fff66cf0000 - 0x00007fff66dc7000 	C:\WINDOWS\System32\OLEAUT32.dll
0x00007fff47d00000 - 0x00007fff47d32000 	C:\WINDOWS\SYSTEM32\dbgcore.DLL
0x00007fff66040000 - 0x00007fff660bb000 	C:\WINDOWS\System32\bcryptPrimitives.dll
0x00007fff61ba0000 - 0x00007fff61bc5000 	C:\Program Files\Java\jdk-17\bin\java.dll

dbghelp: loaded successfully - version: 4.0.5 - missing functions: none
symbol engine: initialized successfully - sym options: 0x614 - pdb path: .;C:\Program Files\Java\jdk-17\bin;C:\WINDOWS\SYSTEM32;C:\WINDOWS\WinSxS\amd64_microsoft.windows.common-controls_6595b64144ccf1df_6.0.22621.4541_none_2710d1c57384c085;C:\Program Files\Java\jdk-17\bin\server

VM Arguments:
java_command: C:\Users\56930\AppData\Local\Temp\surefire12807884825219909714\surefirebooter-20250208020404833_3.jar C:\Users\56930\AppData\Local\Temp\surefire12807884825219909714 2025-02-08T02-04-04_488-jvmRun1 surefire-20250208020404833_1tmp surefire_0-20250208020404833_2tmp
java_class_path (initial): C:\Users\56930\AppData\Local\Temp\surefire12807884825219909714\surefirebooter-20250208020404833_3.jar
Launcher Type: SUN_STANDARD

[Global flags]
     intx CICompilerCount                          = 4                                         {product} {ergonomic}
     uint ConcGCThreads                            = 2                                         {product} {ergonomic}
     uint G1ConcRefinementThreads                  = 8                                         {product} {ergonomic}
   size_t G1HeapRegionSize                         = 1048576                                   {product} {ergonomic}
    uintx GCDrainStackTargetSize                   = 64                                        {product} {ergonomic}
   size_t InitialHeapSize                          = 100663296                                 {product} {ergonomic}
   size_t MarkStackSize                            = 4194304                                   {product} {ergonomic}
   size_t MaxHeapSize                              = 1589641216                                {product} {ergonomic}
   size_t MinHeapDeltaBytes                        = 1048576                                   {product} {ergonomic}
   size_t MinHeapSize                              = 8388608                                   {product} {ergonomic}
    uintx NonNMethodCodeHeapSize                   = 5839372                                {pd product} {ergonomic}
    uintx NonProfiledCodeHeapSize                  = 122909434                              {pd product} {ergonomic}
    uintx ProfiledCodeHeapSize                     = 122909434                              {pd product} {ergonomic}
    uintx ReservedCodeCacheSize                    = 251658240                              {pd product} {ergonomic}
     bool SegmentedCodeCache                       = true                                      {product} {ergonomic}
   size_t SoftMaxHeapSize                          = 1589641216                             {manageable} {ergonomic}
     bool UseCompressedClassPointers               = true                           {product lp64_product} {ergonomic}
     bool UseCompressedOops                        = true                           {product lp64_product} {ergonomic}
     bool UseG1GC                                  = true                                      {product} {ergonomic}
     bool UseLargePagesIndividualAllocation        = false                                  {pd product} {ergonomic}

Logging:
Log output configuration:
 #0: stdout all=warning uptime,level,tags
 #1: stderr all=off uptime,level,tags

Environment Variables:
JAVA_HOME=C:\Program Files\Java\jdk-17
PATH=C:/Users/56930/.p2/pool/plugins/org.eclipse.justj.openjdk.hotspot.jre.full.win32.x86_64_22.0.2.v20240802-1626/jre/bin/server;C:/Users/56930/.p2/pool/plugins/org.eclipse.justj.openjdk.hotspot.jre.full.win32.x86_64_22.0.2.v20240802-1626/jre/bin;C:\Program Files\Java\jdk-17\bin;C:\Program Files\Common Files\Oracle\Java\javapath;C:\WINDOWS\system32;C:\WINDOWS;C:\WINDOWS\System32\Wbem;C:\WINDOWS\System32\WindowsPowerShell\v1.0\;C:\WINDOWS\System32\OpenSSH\;C:\Program Files\dotnet\;C:\WINDOWS\system32;C:\WINDOWS;C:\WINDOWS\System32\Wbem;C:\WINDOWS\System32\WindowsPowerShell\v1.0\;C:\WINDOWS\System32\OpenSSH\;C:\Program Files\Git\cmd;C:\xampp\mysql\bin;C:\xampp\apache\bin;C:\Program Files\nodejs\;C:\Users\56930\Documents\dnscritpt;C:\Program Files\apache-maven-3.9.9\bin;C:\Program Files\Docker\Docker\resources\bin;C:\Program Files\Amazon\AWSCLIV2\;C:\Program Files\MySQL\MySQL Shell 8.0\bin\;C:\Users\56930\AppData\Local\Microsoft\WindowsApps;C:\Users\56930\.dotnet\tools;C:\Users\56930\AppData\Local\Programs\Microsoft VS Code\bin;C:\jdk-11.0.2\bin;C:\Users\56930\AppData\Roaming\npm;C:\WINDOWS\system32;
USERNAME=diego
OS=Windows_NT
PROCESSOR_IDENTIFIER=AMD64 Family 23 Model 24 Stepping 1, AuthenticAMD



---------------  S Y S T E M  ---------------

OS:
 Windows 11 , 64 bit Build 22621 (10.0.22621.4391)
OS uptime: 4 days 9:25 hours
Hyper-V role detected

CPU: total 8 (initial active 8) (8 cores per cpu, 2 threads per core) family 23 model 24 stepping 1 microcode 0x0, cx8, cmov, fxsr, ht, mmx, 3dnowpref, sse, sse2, sse3, ssse3, sse4a, sse4.1, sse4.2, popcnt, lzcnt, tsc, tscinvbit, avx, avx2, aes, clmul, bmi1, bmi2, adx, sha, fma, vzeroupper, clflush, clflushopt, hv

Memory: 4k page, system-wide physical 6057M (257M free)
TotalPageFile size 24489M (AvailPageFile size 8M)
current process WorkingSet (physical memory assigned to process): 11M, peak: 11M
current process commit charge ("private bytes"): 60M, peak: 156M

vm_info: Java HotSpot(TM) 64-Bit Server VM (17.0.11+7-LTS-207) for windows-amd64 JRE (17.0.11+7-LTS-207), built on Mar 11 2024 19:01:50 by "mach5one" with MS VC++ 17.6 (VS2022)

END.
